1687735288.884949 client started (211300): version 3.3a, socket /tmp/tmux-1000/default, protocol 8
1687735288.884975 on Linux 6.2.0-23-generic #23-Ubuntu SMP PREEMPT_DYNAMIC Wed May 17 16:55:20 UTC 2023
1687735288.884981 using libevent 2.1.12-stable (poll); ncurses 6.3
1687735288.885008 flags are 0x10010000
1687735288.885013 socket is /tmp/tmux-1000/default
1687735288.885025 trying connect
1687735288.885984 add peer 0x55eea1b55c60: 6 ((nil))
1687735288.886322 sending message 100 to peer 0x55eea1b55c60 (4 bytes)
1687735288.886332 sending message 111 to peer 0x55eea1b55c60 (8 bytes)
1687735288.886337 sending message 101 to peer 0x55eea1b55c60 (14 bytes)
1687735288.886342 sending message 109 to peer 0x55eea1b55c60 (4 bytes)
1687735288.886347 sending message 102 to peer 0x55eea1b55c60 (11 bytes)
1687735288.886351 sending message 108 to peer 0x55eea1b55c60 (32 bytes)
1687735288.886356 sending message 112 to peer 0x55eea1b55c60 (70 bytes)
1687735288.886361 sending message 112 to peer 0x55eea1b55c60 (5 bytes)
1687735288.886366 sending message 112 to peer 0x55eea1b55c60 (5 bytes)
1687735288.886370 sending message 112 to peer 0x55eea1b55c60 (6 bytes)
1687735288.886375 sending message 112 to peer 0x55eea1b55c60 (6 bytes)
1687735288.886379 sending message 112 to peer 0x55eea1b55c60 (11 bytes)
1687735288.886384 sending message 112 to peer 0x55eea1b55c60 (10 bytes)
1687735288.886388 sending message 112 to peer 0x55eea1b55c60 (13 bytes)
1687735288.886393 sending message 112 to peer 0x55eea1b55c60 (13 bytes)
1687735288.886397 sending message 112 to peer 0x55eea1b55c60 (18 bytes)
1687735288.886402 sending message 112 to peer 0x55eea1b55c60 (11 bytes)
1687735288.886407 sending message 112 to peer 0x55eea1b55c60 (10 bytes)
1687735288.886411 sending message 112 to peer 0x55eea1b55c60 (15 bytes)
1687735288.886416 sending message 112 to peer 0x55eea1b55c60 (21 bytes)
1687735288.886420 sending message 112 to peer 0x55eea1b55c60 (13 bytes)
1687735288.886425 sending message 112 to peer 0x55eea1b55c60 (7 bytes)
1687735288.886429 sending message 112 to peer 0x55eea1b55c60 (13 bytes)
1687735288.886434 sending message 112 to peer 0x55eea1b55c60 (7 bytes)
1687735288.886439 sending message 112 to peer 0x55eea1b55c60 (13 bytes)
1687735288.886443 sending message 112 to peer 0x55eea1b55c60 (9 bytes)
1687735288.886448 sending message 112 to peer 0x55eea1b55c60 (21 bytes)
1687735288.886452 sending message 112 to peer 0x55eea1b55c60 (13 bytes)
1687735288.886457 sending message 112 to peer 0x55eea1b55c60 (8 bytes)
1687735288.886461 sending message 112 to peer 0x55eea1b55c60 (12 bytes)
1687735288.886466 sending message 112 to peer 0x55eea1b55c60 (13 bytes)
1687735288.886470 sending message 112 to peer 0x55eea1b55c60 (9 bytes)
1687735288.886475 sending message 112 to peer 0x55eea1b55c60 (9 bytes)
1687735288.886479 sending message 112 to peer 0x55eea1b55c60 (12 bytes)
1687735288.886484 sending message 112 to peer 0x55eea1b55c60 (8 bytes)
1687735288.886488 sending message 112 to peer 0x55eea1b55c60 (8 bytes)
1687735288.886493 sending message 112 to peer 0x55eea1b55c60 (7 bytes)
1687735288.886498 sending message 112 to peer 0x55eea1b55c60 (7 bytes)
1687735288.886502 sending message 112 to peer 0x55eea1b55c60 (9 bytes)
1687735288.886507 sending message 112 to peer 0x55eea1b55c60 (13 bytes)
1687735288.886511 sending message 112 to peer 0x55eea1b55c60 (6 bytes)
1687735288.886516 sending message 112 to peer 0x55eea1b55c60 (9 bytes)
1687735288.886520 sending message 112 to peer 0x55eea1b55c60 (15 bytes)
1687735288.886525 sending message 112 to peer 0x55eea1b55c60 (13 bytes)
1687735288.886529 sending message 112 to peer 0x55eea1b55c60 (12 bytes)
1687735288.886534 sending message 112 to peer 0x55eea1b55c60 (8 bytes)
1687735288.886539 sending message 112 to peer 0x55eea1b55c60 (14 bytes)
1687735288.886543 sending message 112 to peer 0x55eea1b55c60 (11 bytes)
1687735288.886548 sending message 112 to peer 0x55eea1b55c60 (9 bytes)
1687735288.886553 sending message 112 to peer 0x55eea1b55c60 (10 bytes)
1687735288.886557 sending message 112 to peer 0x55eea1b55c60 (10 bytes)
1687735288.886562 sending message 112 to peer 0x55eea1b55c60 (10 bytes)
1687735288.886573 sending message 112 to peer 0x55eea1b55c60 (10 bytes)
1687735288.886578 sending message 112 to peer 0x55eea1b55c60 (11 bytes)
1687735288.886583 sending message 112 to peer 0x55eea1b55c60 (12 bytes)
1687735288.886587 sending message 112 to peer 0x55eea1b55c60 (12 bytes)
1687735288.886592 sending message 112 to peer 0x55eea1b55c60 (12 bytes)
1687735288.886596 sending message 112 to peer 0x55eea1b55c60 (12 bytes)
1687735288.886601 sending message 112 to peer 0x55eea1b55c60 (12 bytes)
1687735288.886605 sending message 112 to peer 0x55eea1b55c60 (11 bytes)
1687735288.886610 sending message 112 to peer 0x55eea1b55c60 (11 bytes)
1687735288.886615 sending message 112 to peer 0x55eea1b55c60 (12 bytes)
1687735288.886619 sending message 112 to peer 0x55eea1b55c60 (12 bytes)
1687735288.886624 sending message 112 to peer 0x55eea1b55c60 (12 bytes)
1687735288.886628 sending message 112 to peer 0x55eea1b55c60 (12 bytes)
1687735288.886633 sending message 112 to peer 0x55eea1b55c60 (12 bytes)
1687735288.886638 sending message 112 to peer 0x55eea1b55c60 (10 bytes)
1687735288.886642 sending message 112 to peer 0x55eea1b55c60 (12 bytes)
1687735288.886647 sending message 112 to peer 0x55eea1b55c60 (13 bytes)
1687735288.886651 sending message 112 to peer 0x55eea1b55c60 (13 bytes)
1687735288.886656 sending message 112 to peer 0x55eea1b55c60 (13 bytes)
1687735288.886660 sending message 112 to peer 0x55eea1b55c60 (13 bytes)
1687735288.886665 sending message 112 to peer 0x55eea1b55c60 (13 bytes)
1687735288.886669 sending message 112 to peer 0x55eea1b55c60 (8 bytes)
1687735288.886674 sending message 112 to peer 0x55eea1b55c60 (11 bytes)
1687735288.886678 sending message 112 to peer 0x55eea1b55c60 (11 bytes)
1687735288.886683 sending message 112 to peer 0x55eea1b55c60 (11 bytes)
1687735288.886688 sending message 112 to peer 0x55eea1b55c60 (12 bytes)
1687735288.886692 sending message 112 to peer 0x55eea1b55c60 (12 bytes)
1687735288.886697 sending message 112 to peer 0x55eea1b55c60 (12 bytes)
1687735288.886701 sending message 112 to peer 0x55eea1b55c60 (12 bytes)
1687735288.886706 sending message 112 to peer 0x55eea1b55c60 (13 bytes)
1687735288.886710 sending message 112 to peer 0x55eea1b55c60 (13 bytes)
1687735288.886715 sending message 112 to peer 0x55eea1b55c60 (13 bytes)
1687735288.886719 sending message 112 to peer 0x55eea1b55c60 (8 bytes)
1687735288.886724 sending message 112 to peer 0x55eea1b55c60 (13 bytes)
1687735288.886728 sending message 112 to peer 0x55eea1b55c60 (13 bytes)
1687735288.886733 sending message 112 to peer 0x55eea1b55c60 (13 bytes)
1687735288.886737 sending message 112 to peer 0x55eea1b55c60 (13 bytes)
1687735288.886742 sending message 112 to peer 0x55eea1b55c60 (13 bytes)
1687735288.886747 sending message 112 to peer 0x55eea1b55c60 (12 bytes)
1687735288.886751 sending message 112 to peer 0x55eea1b55c60 (12 bytes)
1687735288.886756 sending message 112 to peer 0x55eea1b55c60 (12 bytes)
1687735288.886760 sending message 112 to peer 0x55eea1b55c60 (12 bytes)
1687735288.886765 sending message 112 to peer 0x55eea1b55c60 (13 bytes)
1687735288.886769 sending message 112 to peer 0x55eea1b55c60 (8 bytes)
1687735288.886774 sending message 112 to peer 0x55eea1b55c60 (13 bytes)
1687735288.886778 sending message 112 to peer 0x55eea1b55c60 (13 bytes)
1687735288.886783 sending message 112 to peer 0x55eea1b55c60 (13 bytes)
1687735288.886788 sending message 112 to peer 0x55eea1b55c60 (13 bytes)
1687735288.886792 sending message 112 to peer 0x55eea1b55c60 (13 bytes)
1687735288.886797 sending message 112 to peer 0x55eea1b55c60 (13 bytes)
1687735288.886801 sending message 112 to peer 0x55eea1b55c60 (13 bytes)
1687735288.886806 sending message 112 to peer 0x55eea1b55c60 (12 bytes)
1687735288.886810 sending message 112 to peer 0x55eea1b55c60 (12 bytes)
1687735288.886815 sending message 112 to peer 0x55eea1b55c60 (12 bytes)
1687735288.886819 sending message 112 to peer 0x55eea1b55c60 (8 bytes)
1687735288.886824 sending message 112 to peer 0x55eea1b55c60 (12 bytes)
1687735288.886833 sending message 112 to peer 0x55eea1b55c60 (13 bytes)
1687735288.886838 sending message 112 to peer 0x55eea1b55c60 (13 bytes)
1687735288.886843 sending message 112 to peer 0x55eea1b55c60 (13 bytes)
1687735288.886848 sending message 112 to peer 0x55eea1b55c60 (13 bytes)
1687735288.886852 sending message 112 to peer 0x55eea1b55c60 (13 bytes)
1687735288.886857 sending message 112 to peer 0x55eea1b55c60 (13 bytes)
1687735288.886862 sending message 112 to peer 0x55eea1b55c60 (13 bytes)
1687735288.886866 sending message 112 to peer 0x55eea1b55c60 (13 bytes)
1687735288.886871 sending message 112 to peer 0x55eea1b55c60 (12 bytes)
1687735288.886875 sending message 112 to peer 0x55eea1b55c60 (10 bytes)
1687735288.886880 sending message 112 to peer 0x55eea1b55c60 (12 bytes)
1687735288.886885 sending message 112 to peer 0x55eea1b55c60 (12 bytes)
1687735288.886889 sending message 112 to peer 0x55eea1b55c60 (12 bytes)
1687735288.886894 sending message 112 to peer 0x55eea1b55c60 (13 bytes)
1687735288.886898 sending message 112 to peer 0x55eea1b55c60 (13 bytes)
1687735288.886903 sending message 112 to peer 0x55eea1b55c60 (13 bytes)
1687735288.886908 sending message 112 to peer 0x55eea1b55c60 (13 bytes)
1687735288.886912 sending message 112 to peer 0x55eea1b55c60 (13 bytes)
1687735288.886917 sending message 112 to peer 0x55eea1b55c60 (13 bytes)
1687735288.886921 sending message 112 to peer 0x55eea1b55c60 (13 bytes)
1687735288.886926 sending message 112 to peer 0x55eea1b55c60 (10 bytes)
1687735288.886930 sending message 112 to peer 0x55eea1b55c60 (13 bytes)
1687735288.886935 sending message 112 to peer 0x55eea1b55c60 (12 bytes)
1687735288.886939 sending message 112 to peer 0x55eea1b55c60 (12 bytes)
1687735288.886944 sending message 112 to peer 0x55eea1b55c60 (12 bytes)
1687735288.886949 sending message 112 to peer 0x55eea1b55c60 (10 bytes)
1687735288.886953 sending message 112 to peer 0x55eea1b55c60 (10 bytes)
1687735288.886958 sending message 112 to peer 0x55eea1b55c60 (10 bytes)
1687735288.886962 sending message 112 to peer 0x55eea1b55c60 (12 bytes)
1687735288.886967 sending message 112 to peer 0x55eea1b55c60 (13 bytes)
1687735288.886971 sending message 112 to peer 0x55eea1b55c60 (13 bytes)
1687735288.886976 sending message 112 to peer 0x55eea1b55c60 (13 bytes)
1687735288.886980 sending message 112 to peer 0x55eea1b55c60 (13 bytes)
1687735288.886985 sending message 112 to peer 0x55eea1b55c60 (13 bytes)
1687735288.886989 sending message 112 to peer 0x55eea1b55c60 (11 bytes)
1687735288.886994 sending message 112 to peer 0x55eea1b55c60 (11 bytes)
1687735288.886998 sending message 112 to peer 0x55eea1b55c60 (12 bytes)
1687735288.887003 sending message 112 to peer 0x55eea1b55c60 (12 bytes)
1687735288.887008 sending message 112 to peer 0x55eea1b55c60 (12 bytes)
1687735288.887012 sending message 112 to peer 0x55eea1b55c60 (12 bytes)
1687735288.887017 sending message 112 to peer 0x55eea1b55c60 (12 bytes)
1687735288.887021 sending message 112 to peer 0x55eea1b55c60 (11 bytes)
1687735288.887026 sending message 112 to peer 0x55eea1b55c60 (12 bytes)
1687735288.887030 sending message 112 to peer 0x55eea1b55c60 (12 bytes)
1687735288.887035 sending message 112 to peer 0x55eea1b55c60 (13 bytes)
1687735288.887039 sending message 112 to peer 0x55eea1b55c60 (13 bytes)
1687735288.887044 sending message 112 to peer 0x55eea1b55c60 (13 bytes)
1687735288.887049 sending message 112 to peer 0x55eea1b55c60 (13 bytes)
1687735288.887053 sending message 112 to peer 0x55eea1b55c60 (13 bytes)
1687735288.887058 sending message 112 to peer 0x55eea1b55c60 (10 bytes)
1687735288.887062 sending message 112 to peer 0x55eea1b55c60 (9 bytes)
1687735288.887067 sending message 112 to peer 0x55eea1b55c60 (12 bytes)
1687735288.887071 sending message 112 to peer 0x55eea1b55c60 (13 bytes)
1687735288.887076 sending message 112 to peer 0x55eea1b55c60 (13 bytes)
1687735288.887080 sending message 112 to peer 0x55eea1b55c60 (13 bytes)
1687735288.887085 sending message 112 to peer 0x55eea1b55c60 (13 bytes)
1687735288.887089 sending message 112 to peer 0x55eea1b55c60 (13 bytes)
1687735288.887099 sending message 112 to peer 0x55eea1b55c60 (9 bytes)
1687735288.887104 sending message 112 to peer 0x55eea1b55c60 (12 bytes)
1687735288.887108 sending message 112 to peer 0x55eea1b55c60 (13 bytes)
1687735288.887113 sending message 112 to peer 0x55eea1b55c60 (13 bytes)
1687735288.887117 sending message 112 to peer 0x55eea1b55c60 (13 bytes)
1687735288.887122 sending message 112 to peer 0x55eea1b55c60 (13 bytes)
1687735288.887127 sending message 112 to peer 0x55eea1b55c60 (13 bytes)
1687735288.887131 sending message 112 to peer 0x55eea1b55c60 (11 bytes)
1687735288.887136 sending message 112 to peer 0x55eea1b55c60 (12 bytes)
1687735288.887140 sending message 112 to peer 0x55eea1b55c60 (13 bytes)
1687735288.887145 sending message 112 to peer 0x55eea1b55c60 (13 bytes)
1687735288.887149 sending message 112 to peer 0x55eea1b55c60 (13 bytes)
1687735288.887154 sending message 112 to peer 0x55eea1b55c60 (13 bytes)
1687735288.887158 sending message 112 to peer 0x55eea1b55c60 (13 bytes)
1687735288.887163 sending message 112 to peer 0x55eea1b55c60 (11 bytes)
1687735288.887168 sending message 112 to peer 0x55eea1b55c60 (12 bytes)
1687735288.887172 sending message 112 to peer 0x55eea1b55c60 (12 bytes)
1687735288.887177 sending message 112 to peer 0x55eea1b55c60 (12 bytes)
1687735288.887181 sending message 112 to peer 0x55eea1b55c60 (12 bytes)
1687735288.887186 sending message 112 to peer 0x55eea1b55c60 (12 bytes)
1687735288.887190 sending message 112 to peer 0x55eea1b55c60 (21 bytes)
1687735288.887195 sending message 112 to peer 0x55eea1b55c60 (12 bytes)
1687735288.887200 sending message 112 to peer 0x55eea1b55c60 (9 bytes)
1687735288.887204 sending message 112 to peer 0x55eea1b55c60 (6 bytes)
1687735288.887209 sending message 112 to peer 0x55eea1b55c60 (13 bytes)
1687735288.887213 sending message 112 to peer 0x55eea1b55c60 (8 bytes)
1687735288.887218 sending message 112 to peer 0x55eea1b55c60 (15 bytes)
1687735288.887222 sending message 112 to peer 0x55eea1b55c60 (13 bytes)
1687735288.887227 sending message 112 to peer 0x55eea1b55c60 (9 bytes)
1687735288.887232 sending message 112 to peer 0x55eea1b55c60 (70 bytes)
1687735288.887236 sending message 112 to peer 0x55eea1b55c60 (69 bytes)
1687735288.887241 sending message 112 to peer 0x55eea1b55c60 (10 bytes)
1687735288.887245 sending message 112 to peer 0x55eea1b55c60 (10 bytes)
1687735288.887250 sending message 112 to peer 0x55eea1b55c60 (8 bytes)
1687735288.887254 sending message 112 to peer 0x55eea1b55c60 (15 bytes)
1687735288.887259 sending message 112 to peer 0x55eea1b55c60 (13 bytes)
1687735288.887264 sending message 112 to peer 0x55eea1b55c60 (10 bytes)
1687735288.887268 sending message 112 to peer 0x55eea1b55c60 (10 bytes)
1687735288.887273 sending message 112 to peer 0x55eea1b55c60 (17 bytes)
1687735288.887277 sending message 112 to peer 0x55eea1b55c60 (10 bytes)
1687735288.887282 sending message 112 to peer 0x55eea1b55c60 (13 bytes)
1687735288.887286 sending message 112 to peer 0x55eea1b55c60 (9 bytes)
1687735288.887291 sending message 112 to peer 0x55eea1b55c60 (5 bytes)
1687735288.887296 sending message 112 to peer 0x55eea1b55c60 (15 bytes)
1687735288.887302 sending message 104 to peer 0x55eea1b55c60 (0 bytes)
1687735288.887307 sending message 110 to peer 0x55eea1b55c60 (0 bytes)
1687735288.887313 sending message 107 to peer 0x55eea1b55c60 (4 bytes)
1687735288.887318 sending message 105 to peer 0x55eea1b55c60 (15 bytes)
1687735288.887322 sending message 105 to peer 0x55eea1b55c60 (20 bytes)
1687735288.887327 sending message 105 to peer 0x55eea1b55c60 (54 bytes)
1687735288.887332 sending message 105 to peer 0x55eea1b55c60 (51 bytes)
1687735288.887336 sending message 105 to peer 0x55eea1b55c60 (23 bytes)
1687735288.887341 sending message 105 to peer 0x55eea1b55c60 (11 bytes)
1687735288.887345 sending message 105 to peer 0x55eea1b55c60 (28 bytes)
1687735288.887350 sending message 105 to peer 0x55eea1b55c60 (52 bytes)
1687735288.887355 sending message 105 to peer 0x55eea1b55c60 (100 bytes)
1687735288.887359 sending message 105 to peer 0x55eea1b55c60 (87 bytes)
1687735288.887368 sending message 105 to peer 0x55eea1b55c60 (24 bytes)
1687735288.887373 sending message 105 to peer 0x55eea1b55c60 (18 bytes)
1687735288.887378 sending message 105 to peer 0x55eea1b55c60 (47 bytes)
1687735288.887382 sending message 105 to peer 0x55eea1b55c60 (23 bytes)
1687735288.887387 sending message 105 to peer 0x55eea1b55c60 (28 bytes)
1687735288.887392 sending message 105 to peer 0x55eea1b55c60 (22 bytes)
1687735288.887396 sending message 105 to peer 0x55eea1b55c60 (21 bytes)
1687735288.887401 sending message 105 to peer 0x55eea1b55c60 (22 bytes)
1687735288.887405 sending message 105 to peer 0x55eea1b55c60 (27 bytes)
1687735288.887410 sending message 105 to peer 0x55eea1b55c60 (33 bytes)
1687735288.887414 sending message 105 to peer 0x55eea1b55c60 (31 bytes)
1687735288.887419 sending message 105 to peer 0x55eea1b55c60 (23 bytes)
1687735288.887423 sending message 105 to peer 0x55eea1b55c60 (17 bytes)
1687735288.887428 sending message 105 to peer 0x55eea1b55c60 (18 bytes)
1687735288.887433 sending message 105 to peer 0x55eea1b55c60 (8 bytes)
1687735288.887437 sending message 105 to peer 0x55eea1b55c60 (21 bytes)
1687735288.887442 sending message 105 to peer 0x55eea1b55c60 (32 bytes)
1687735288.887447 sending message 105 to peer 0x55eea1b55c60 (1764 bytes)
1687735288.887460 sending message 105 to peer 0x55eea1b55c60 (15 bytes)
1687735288.887465 sending message 105 to peer 0x55eea1b55c60 (54 bytes)
1687735288.887470 sending message 105 to peer 0x55eea1b55c60 (59 bytes)
1687735288.887475 sending message 105 to peer 0x55eea1b55c60 (16 bytes)
1687735288.887479 sending message 105 to peer 0x55eea1b55c60 (32 bytes)
1687735288.887484 sending message 105 to peer 0x55eea1b55c60 (68 bytes)
1687735288.887488 sending message 105 to peer 0x55eea1b55c60 (26 bytes)
1687735288.887493 sending message 105 to peer 0x55eea1b55c60 (12 bytes)
1687735288.887498 sending message 105 to peer 0x55eea1b55c60 (11 bytes)
1687735288.887502 sending message 105 to peer 0x55eea1b55c60 (155 bytes)
1687735288.887507 sending message 105 to peer 0x55eea1b55c60 (13 bytes)
1687735288.887511 sending message 105 to peer 0x55eea1b55c60 (36 bytes)
1687735288.887516 sending message 105 to peer 0x55eea1b55c60 (56 bytes)
1687735288.887521 sending message 105 to peer 0x55eea1b55c60 (19 bytes)
1687735288.887525 sending message 105 to peer 0x55eea1b55c60 (30 bytes)
1687735288.887530 sending message 105 to peer 0x55eea1b55c60 (44 bytes)
1687735288.887535 sending message 105 to peer 0x55eea1b55c60 (124 bytes)
1687735288.887539 sending message 105 to peer 0x55eea1b55c60 (15 bytes)
1687735288.887544 sending message 105 to peer 0x55eea1b55c60 (50 bytes)
1687735288.887548 sending message 105 to peer 0x55eea1b55c60 (8 bytes)
1687735288.887553 sending message 105 to peer 0x55eea1b55c60 (19 bytes)
1687735288.887558 sending message 105 to peer 0x55eea1b55c60 (46 bytes)
1687735288.887562 sending message 105 to peer 0x55eea1b55c60 (22 bytes)
1687735288.887567 sending message 105 to peer 0x55eea1b55c60 (19 bytes)
1687735288.887572 sending message 105 to peer 0x55eea1b55c60 (18 bytes)
1687735288.887576 sending message 105 to peer 0x55eea1b55c60 (26 bytes)
1687735288.887581 sending message 105 to peer 0x55eea1b55c60 (36 bytes)
1687735288.887585 sending message 105 to peer 0x55eea1b55c60 (13 bytes)
1687735288.887590 sending message 105 to peer 0x55eea1b55c60 (18 bytes)
1687735288.887595 sending message 105 to peer 0x55eea1b55c60 (18 bytes)
1687735288.887599 sending message 105 to peer 0x55eea1b55c60 (42 bytes)
1687735288.887604 sending message 105 to peer 0x55eea1b55c60 (16 bytes)
1687735288.887608 sending message 105 to peer 0x55eea1b55c60 (29 bytes)
1687735288.887613 sending message 105 to peer 0x55eea1b55c60 (133 bytes)
1687735288.887618 sending message 105 to peer 0x55eea1b55c60 (24 bytes)
1687735288.887623 sending message 105 to peer 0x55eea1b55c60 (62 bytes)
1687735288.887627 sending message 105 to peer 0x55eea1b55c60 (31 bytes)
1687735288.887632 sending message 105 to peer 0x55eea1b55c60 (15 bytes)
1687735288.887636 sending message 105 to peer 0x55eea1b55c60 (52 bytes)
1687735288.887646 sending message 105 to peer 0x55eea1b55c60 (23 bytes)
1687735288.887651 sending message 105 to peer 0x55eea1b55c60 (24 bytes)
1687735288.887655 sending message 105 to peer 0x55eea1b55c60 (17 bytes)
1687735288.887660 sending message 105 to peer 0x55eea1b55c60 (58 bytes)
1687735288.887665 sending message 105 to peer 0x55eea1b55c60 (21 bytes)
1687735288.887669 sending message 105 to peer 0x55eea1b55c60 (11 bytes)
1687735288.887674 sending message 105 to peer 0x55eea1b55c60 (34 bytes)
1687735288.887678 sending message 105 to peer 0x55eea1b55c60 (16 bytes)
1687735288.887683 sending message 105 to peer 0x55eea1b55c60 (24 bytes)
1687735288.887688 sending message 105 to peer 0x55eea1b55c60 (20 bytes)
1687735288.887692 sending message 105 to peer 0x55eea1b55c60 (10 bytes)
1687735288.887697 sending message 106 to peer 0x55eea1b55c60 (0 bytes)
1687735288.887748 sending message 200 to peer 0x55eea1b55c60 (4 bytes)
1687735288.887754 client loop enter
1687735288.889141 peer 0x55eea1b55c60 message 303
1687735288.889157 open write file 2 -
1687735288.889168 sending message 305 to peer 0x55eea1b55c60 (8 bytes)
1687735288.889186 write check file 2
1687735288.889320 peer 0x55eea1b55c60 message 304
1687735288.889328 write 58 to file 2
1687735288.889333 peer 0x55eea1b55c60 message 203
1687735288.889338 file 2 58 bytes left
1687735288.889368 write check file 2
1687735288.889373 client loop exit
